22/03/15 11:07:24 : Username and Password not accepted. Learn more at<EOL> https://support.google.com/mail/?p=BadCredentials g7-20020a5d5407000000b001f0be7a7578sm15083093wrv.5 - gsmtp<EOL>
22/03/15 11:15:40 : Username and Password not accepted. Learn more at<EOL> https://support.google.com/mail/?p=BadCredentials o6-20020a5d6846000000b001f044a8e214sm14988468wrw.107 - gsmtp<EOL>
22/03/15 11:16:05 : Username and Password not accepted. Learn more at<EOL> https://support.google.com/mail/?p=BadCredentials v188-20020a1cacc5000000b00384b71a50d5sm1864222wme.24 - gsmtp<EOL>
22/03/15 22:33:59 : Username and Password not accepted. Learn more at<EOL> https://support.google.com/mail/?p=BadCredentials l19-20020a05600c1d1300b0038b21512876sm14242wms.13 - gsmtp<EOL>
22/03/15 22:35:58 : Username and Password not accepted. Learn more at<EOL> https://support.google.com/mail/?p=BadCredentials 7-20020a05600c228700b00389865c646dsm24052wmf.14 - gsmtp<EOL>
22/03/19 13:22:11 : Username and Password not accepted. Learn more at<EOL> https://support.google.com/mail/?p=BadCredentials p19-20020a05600c359300b0038c7d1086a7sm5917133wmq.1 - gsmtp<EOL>
22/03/27 21:11:45 : Username and Password not accepted. Learn more at<EOL> https://support.google.com/mail/?p=BadCredentials f11-20020a7bcc0b000000b0037e0c362b6dsm9929908wmh.31 - gsmtp<EOL>
22/03/27 21:12:52 : Username and Password not accepted. Learn more at<EOL> https://support.google.com/mail/?p=BadCredentials az19-20020a05600c601300b0038cadf3aa69sm19994987wmb.36 - gsmtp<EOL>
22/03/27 21:13:08 : Username and Password not accepted. Learn more at<EOL> https://support.google.com/mail/?p=BadCredentials r15-20020a5d6c6f000000b002040552e88esm11880850wrz.29 - gsmtp<EOL>
22/03/27 21:13:56 : Username and Password not accepted. Learn more at<EOL> https://support.google.com/mail/?p=BadCredentials c5-20020a5d63c5000000b002040822b680sm15170247wrw.81 - gsmtp<EOL>
22/03/27 21:14:05 : Username and Password not accepted. Learn more at<EOL> https://support.google.com/mail/?p=BadCredentials v1-20020adf9e41000000b00205c3d212easm2062wre.51 - gsmtp<EOL>
22/03/27 21:15:56 : Username and Password not accepted. Learn more at<EOL> https://support.google.com/mail/?p=BadCredentials i1-20020a1c5401000000b0038caef28acbsm9765269wmb.47 - gsmtp<EOL>
22/03/27 21:16:23 : Username and Password not accepted. Learn more at<EOL> https://support.google.com/mail/?p=BadCredentials c5-20020a5d63c5000000b002040822b680sm15175086wrw.81 - gsmtp<EOL>
22/03/27 21:16:26 : Username and Password not accepted. Learn more at<EOL> https://support.google.com/mail/?p=BadCredentials p2-20020a5d4582000000b00203f51aa12asm10392088wrq.55 - gsmtp<EOL>
22/03/27 21:16:28 : Username and Password not accepted. Learn more at<EOL> https://support.google.com/mail/?p=BadCredentials v8-20020a1cf708000000b0034d7b5f2da0sm9923029wmh.33 - gsmtp<EOL>
22/03/27 21:16:30 : Username and Password not accepted. Learn more at<EOL> https://support.google.com/mail/?p=BadCredentials d5-20020adfef85000000b00205b3945fdasm4200971wro.92 - gsmtp<EOL>
22/03/27 21:16:32 : Username and Password not accepted. Learn more at<EOL> https://support.google.com/mail/?p=BadCredentials u7-20020a05600c19c700b0038cc9aac1a3sm11703752wmq.23 - gsmtp<EOL>
22/03/27 21:16:34 : Username and Password not accepted. Learn more at<EOL> https://support.google.com/mail/?p=BadCredentials y7-20020a5d4ac7000000b00203e4c8bdf1sm10423992wrs.93 - gsmtp<EOL>
22/03/27 21:19:54 : Username and Password not accepted. Learn more at<EOL> https://support.google.com/mail/?p=BadCredentials q2-20020adff502000000b00203f17d73dbsm10275394wro.12 - gsmtp<EOL>
22/03/27 21:20:03 : Username and Password not accepted. Learn more at<EOL> https://support.google.com/mail/?p=BadCredentials n124-20020a1ca482000000b0038c9cf6e296sm14451431wme.14 - gsmtp<EOL>
22/03/27 21:20:04 : Username and Password not accepted. Learn more at<EOL> https://support.google.com/mail/?p=BadCredentials u11-20020a056000038b00b00203e5c9aa09sm15247617wrf.27 - gsmtp<EOL>
22/03/27 21:20:07 : Username and Password not accepted. Learn more at<EOL> https://support.google.com/mail/?p=BadCredentials t9-20020a05600c198900b0038cb8b38f9fsm13745207wmq.21 - gsmtp<EOL>
22/03/27 21:20:07 : Username and Password not accepted. Learn more at<EOL> https://support.google.com/mail/?p=BadCredentials h8-20020a05600c350800b0038cc9096507sm11554808wmq.3 - gsmtp<EOL>
22/03/27 21:21:38 : Username and Password not accepted. Learn more at<EOL> https://support.google.com/mail/?p=BadCredentials a12-20020a5d53cc000000b00205a0ee9c74sm7404917wrw.89 - gsmtp<EOL>
22/03/27 21:21:48 : Username and Password not accepted. Learn more at<EOL> https://support.google.com/mail/?p=BadCredentials z5-20020a05600c0a0500b0037bb8df81a2sm16311404wmp.13 - gsmtp<EOL>
22/03/27 21:21:49 : Username and Password not accepted. Learn more at<EOL> https://support.google.com/mail/?p=BadCredentials c124-20020a1c3582000000b00384d42a9638sm10103735wma.2 - gsmtp<EOL>
22/03/27 21:21:51 : Username and Password not accepted. Learn more at<EOL> https://support.google.com/mail/?p=BadCredentials y6-20020a05600015c600b00203fa70b4ebsm13008724wry.53 - gsmtp<EOL>
22/03/27 21:21:52 : Username and Password not accepted. Learn more at<EOL> https://support.google.com/mail/?p=BadCredentials m4-20020a7bcb84000000b00389efb7a5b4sm13536024wmi.17 - gsmtp<EOL>
22/03/27 21:23:53 : Username and Password not accepted. Learn more at<EOL> https://support.google.com/mail/?p=BadCredentials f10-20020a0560001b0a00b0020402c09067sm4489848wrz.50 - gsmtp<EOL>
22/03/27 21:24:05 : Username and Password not accepted. Learn more at<EOL> https://support.google.com/mail/?p=BadCredentials i14-20020a0560001ace00b00203da1fa749sm16815067wry.72 - gsmtp<EOL>
22/03/27 21:24:11 : Username and Password not accepted. Learn more at<EOL> https://support.google.com/mail/?p=BadCredentials e9-20020a5d6d09000000b00203ecdca5b7sm11325530wrq.33 - gsmtp<EOL>
22/03/27 21:27:11 : Username and Password not accepted. Learn more at<EOL> https://support.google.com/mail/?p=BadCredentials q16-20020adff950000000b00205aa05fa03sm6237869wrr.58 - gsmtp<EOL>
22/03/27 21:32:11 : Username and Password not accepted. Learn more at<EOL> https://support.google.com/mail/?p=BadCredentials h9-20020a5d4309000000b00205b90434e2sm3444463wrq.114 - gsmtp<EOL>
22/03/27 21:32:21 : Username and Password not accepted. Learn more at<EOL> https://support.google.com/mail/?p=BadCredentials l10-20020a05600002aa00b0020414b4e75fsm11523467wry.85 - gsmtp<EOL>
22/03/28 21:39:45 : Username and Password not accepted. Learn more at<EOL> https://support.google.com/mail/?p=BadCredentials 2-20020a056000154200b00203ee1fd1desm13873056wry.64 - gsmtp<EOL>
22/03/28 21:39:49 : Username and Password not accepted. Learn more at<EOL> https://support.google.com/mail/?p=BadCredentials o19-20020a05600c511300b0038d0d8f67e5sm326548wms.16 - gsmtp<EOL>
22/03/28 21:48:57 : Username and Password not accepted. Learn more at<EOL> https://support.google.com/mail/?p=BadCredentials bg42-20020a05600c3caa00b00380deeaae72sm664272wmb.1 - gsmtp<EOL>
22/03/28 21:49:01 : Username and Password not accepted. Learn more at<EOL> https://support.google.com/mail/?p=BadCredentials u23-20020a7bcb17000000b0037bdfa1665asm463139wmj.18 - gsmtp<EOL>
22/03/28 22:01:52 : Username and Password not accepted. Learn more at<EOL> https://support.google.com/mail/?p=BadCredentials 10-20020a5d47aa000000b00204012e4373sm15437111wrb.101 - gsmtp<EOL>
22/03/28 22:02:08 : Username and Password not accepted. Learn more at<EOL> https://support.google.com/mail/?p=BadCredentials a11-20020a5d456b000000b0020406ce0e06sm12880878wrc.94 - gsmtp<EOL>
22/03/29 21:59:27 : Username and Password not accepted. Learn more at<EOL> https://support.google.com/mail/?p=BadCredentials e8-20020a056000178800b00203da3bb4d2sm17885076wrg.41 - gsmtp<EOL>
22/03/30 20:33:44 : Username and Password not accepted. Learn more at<EOL> https://support.google.com/mail/?p=BadCredentials l20-20020a05600c1d1400b0038cba2f88c0sm7453355wms.26 - gsmtp<EOL>
22/03/30 20:42:51 : Username and Password not accepted. Learn more at<EOL> https://support.google.com/mail/?p=BadCredentials c1-20020a5d4141000000b00205d3d37dcdsm4160424wrq.103 - gsmtp<EOL>
22/03/30 21:27:49 : Username and Password not accepted. Learn more at<EOL> https://support.google.com/mail/?p=BadCredentials 20-20020a05600c22d400b0038c8dbdc1a3sm5384357wmg.38 - gsmtp<EOL>
22/03/31 16:18:23 : Username and Password not accepted. Learn more at<EOL> https://support.google.com/mail/?p=BadCredentials i15-20020adffdcf000000b00203efad1d89sm28675071wrs.9 - gsmtp<EOL>
22/03/31 16:18:33 : Username and Password not accepted. Learn more at<EOL> https://support.google.com/mail/?p=BadCredentials l10-20020a05600002aa00b0020414b4e75fsm22514912wry.85 - gsmtp<EOL>
22/03/31 16:18:40 : Username and Password not accepted. Learn more at<EOL> https://support.google.com/mail/?p=BadCredentials n65-20020a1c2744000000b003862bfb509bsm7385642wmn.46 - gsmtp<EOL>
22/04/01 08:20:02 : Username and Password not accepted. Learn more at<EOL> https://support.google.com/mail/?p=BadCredentials c8-20020a056000184800b002040e925afasm1424786wri.59 - gsmtp<EOL>
22/04/01 08:21:46 : Username and Password not accepted. Learn more at<EOL> https://support.google.com/mail/?p=BadCredentials g10-20020adfe40a000000b00203eb3551f0sm1610635wrm.117 - gsmtp<EOL>
22/04/01 08:22:31 : Username and Password not accepted. Learn more at<EOL> https://support.google.com/mail/?p=BadCredentials p16-20020a5d6390000000b00203ffebddf3sm1562938wru.99 - gsmtp<EOL>
22/04/01 08:23:43 : Username and Password not accepted. Learn more at<EOL> https://support.google.com/mail/?p=BadCredentials i15-20020a5d584f000000b00204171ba528sm1204728wrf.109 - gsmtp<EOL>
22/04/01 08:24:03 : Username and Password not accepted. Learn more at<EOL> https://support.google.com/mail/?p=BadCredentials 10-20020a5d47aa000000b00204012e4373sm1353041wrb.101 - gsmtp<EOL>
22/04/01 08:24:13 : Username and Password not accepted. Learn more at<EOL> https://support.google.com/mail/?p=BadCredentials p16-20020a5d6390000000b00203ffebddf3sm1567337wru.99 - gsmtp<EOL>
22/04/01 08:24:27 : Username and Password not accepted. Learn more at<EOL> https://support.google.com/mail/?p=BadCredentials z18-20020adfec92000000b00203f04ed4a8sm1205900wrn.13 - gsmtp<EOL>
22/04/01 08:24:44 : Username and Password not accepted. Learn more at<EOL> https://support.google.com/mail/?p=BadCredentials 14-20020adf828e000000b00205b0fc825csm1243660wrc.65 - gsmtp<EOL>
22/04/01 08:24:53 : Username and Password not accepted. Learn more at<EOL> https://support.google.com/mail/?p=BadCredentials o14-20020a5d47ce000000b00203e0a21c16sm1459861wrc.3 - gsmtp<EOL>
22/04/01 08:25:24 : Username and Password not accepted. Learn more at<EOL> https://support.google.com/mail/?p=BadCredentials o14-20020a5d47ce000000b00203e0a21c16sm1461200wrc.3 - gsmtp<EOL>
22/04/01 08:25:39 : Username and Password not accepted. Learn more at<EOL> https://support.google.com/mail/?p=BadCredentials 7-20020a05600c028700b0038cc9bfe6a4sm989853wmk.37 - gsmtp<EOL>
22/04/01 08:25:56 : Username and Password not accepted. Learn more at<EOL> https://support.google.com/mail/?p=BadCredentials n124-20020a1ca482000000b0038c9cf6e296sm1482271wme.14 - gsmtp<EOL>
22/04/01 08:26:20 : Username and Password not accepted. Learn more at<EOL> https://support.google.com/mail/?p=BadCredentials y6-20020a05600015c600b00203fa70b4ebsm1443459wry.53 - gsmtp<EOL>
22/04/01 08:26:33 : Username and Password not accepted. Learn more at<EOL> https://support.google.com/mail/?p=BadCredentials n23-20020a05600c3b9700b0038b7c4c0803sm9887412wms.30 - gsmtp<EOL>
22/04/01 08:27:01 : Username and Password not accepted. Learn more at<EOL> https://support.google.com/mail/?p=BadCredentials v14-20020a7bcb4e000000b0034492fa24c6sm1038746wmj.34 - gsmtp<EOL>
22/04/01 08:27:24 : Username and Password not accepted. Learn more at<EOL> https://support.google.com/mail/?p=BadCredentials k11-20020a5d6d4b000000b0020599079f68sm1215652wri.106 - gsmtp<EOL>
22/04/01 08:28:06 : Username and Password not accepted. Learn more at<EOL> https://support.google.com/mail/?p=BadCredentials bg20-20020a05600c3c9400b0037fa5c422c8sm9568466wmb.48 - gsmtp<EOL>
22/04/01 08:28:27 : Username and Password not accepted. Learn more at<EOL> https://support.google.com/mail/?p=BadCredentials v5-20020adfe4c5000000b001edc1e5053esm1204197wrm.82 - gsmtp<EOL>
22/04/01 08:28:36 : Username and Password not accepted. Learn more at<EOL> https://support.google.com/mail/?p=BadCredentials d14-20020a056000186e00b0020405198faasm1359698wri.52 - gsmtp<EOL>
22/04/01 08:28:45 : Username and Password not accepted. Learn more at<EOL> https://support.google.com/mail/?p=BadCredentials r14-20020a0560001b8e00b00205918bd86esm1238951wru.78 - gsmtp<EOL>
22/04/01 10:58:57 : Username and Password not accepted. Learn more at<EOL> https://support.google.com/mail/?p=BadCredentials q16-20020adfea10000000b00203e0735791sm1531222wrm.39 - gsmtp<EOL>
22/04/01 10:59:58 : Username and Password not accepted. Learn more at<EOL> https://support.google.com/mail/?p=BadCredentials i2-20020a05600c354200b0038cb422e3fesm9668169wmq.32 - gsmtp<EOL>
22/04/01 11:00:41 : Username and Password not accepted. Learn more at<EOL> https://support.google.com/mail/?p=BadCredentials r15-20020a5d6c6f000000b002040552e88esm1774891wrz.29 - gsmtp<EOL>
22/04/01 11:01:16 : Username and Password not accepted. Learn more at<EOL> https://support.google.com/mail/?p=BadCredentials p18-20020adfba92000000b001e4ae791663sm1543214wrg.62 - gsmtp<EOL>
22/04/01 11:18:31 : Username and Password not accepted. Learn more at<EOL> https://support.google.com/mail/?p=BadCredentials b3-20020adfd1c3000000b00205820686dasm1899586wrd.5 - gsmtp<EOL>
22/04/01 11:56:57 : Username and Password not accepted. Learn more at<EOL> https://support.google.com/mail/?p=BadCredentials 2-20020a056000154200b00203ee1fd1desm1770973wry.64 - gsmtp<EOL>
22/04/10 18:32:41 : Username and Password not accepted. Learn more at<EOL> https://support.google.com/mail/?p=BadCredentials bk1-20020a0560001d8100b002061d6bdfd0sm16896679wrb.63 - gsmtp<EOL>
